TN:
SF:backend/app.js
FN:4,generateGraphSingle
FN:30,retrieveSingle
FN:45,visualisationSingle
FN:51,(anonymous_3)
FN:52,(anonymous_4)
FNF:5
FNH:5
FNDA:7,generateGraphSingle
FNDA:7,retrieveSingle
FNDA:5,visualisationSingle
FNDA:23,(anonymous_3)
FNDA:23,(anonymous_4)
DA:1,1
DA:2,1
DA:5,7
DA:6,7
DA:7,7
DA:8,2
DA:11,5
DA:18,5
DA:19,3
DA:22,2
DA:24,5
DA:25,5
DA:31,7
DA:32,7
DA:33,7
DA:34,6
DA:35,0
DA:37,6
DA:38,5
DA:39,5
DA:41,2
DA:46,5
DA:47,5
DA:48,5
DA:49,5
DA:50,5
DA:51,23
DA:52,23
DA:54,5
DA:55,4
DA:56,0
DA:58,4
DA:59,3
DA:60,3
DA:62,2
LF:35
LH:33
BRDA:7,0,0,2
BRDA:7,0,1,5
BRDA:18,1,0,3
BRDA:18,1,1,2
BRDA:18,2,0,5
BRDA:18,2,1,3
BRDA:34,3,0,0
BRDA:34,3,1,6
BRDA:55,4,0,0
BRDA:55,4,1,4
BRF:10
BRH:8
end_of_record
