TN:
SF:backend/app.js
FN:4,generateGraphSingle
FN:26,retrieveSingle
FN:40,visualisationSingle
FNF:3
FNH:2
FNDA:4,generateGraphSingle
FNDA:4,retrieveSingle
FNDA:0,visualisationSingle
DA:1,1
DA:2,1
DA:5,4
DA:6,4
DA:7,4
DA:8,4
DA:10,0
DA:11,0
DA:12,0
DA:17,0
DA:19,0
DA:21,4
DA:22,4
DA:27,4
DA:28,4
DA:29,4
DA:30,3
DA:31,0
DA:33,0
DA:34,0
DA:36,4
DA:41,0
DA:42,0
DA:43,0
DA:44,0
DA:45,0
DA:46,0
DA:47,0
DA:49,0
DA:51,0
DA:52,0
DA:53,0
DA:55,0
DA:56,0
DA:57,0
DA:59,0
LF:36
LH:13
BRDA:7,0,0,4
BRDA:7,0,1,0
BRDA:30,1,0,0
BRDA:30,1,1,0
BRDA:52,2,0,0
BRDA:52,2,1,0
BRF:6
BRH:1
end_of_record
